<?xml version="1.0" encoding="UTF-8"?>
<testsuites id="foo" name="foo" tests="276" failures="1" time="10s">
    <testsuite id="foo-bar2" name="bar2" tests="4279" skipped="0" failures="1" errors="0" timestamp="__time__" hostname="Qalipsis" time="10s">
        <testcase id="foo-bar2-normal test" name="normal test" time="0" tests="1" failures="0"/>
        <testcase id="foo-bar2-failed test" name="failed test" time="0" tests="1" failures="1">
            <failure message="failed" type="ERROR"/>
        </testcase>
        <system-out><![CDATA[
INFO  Step normal test: passed
  ]]></system-out>
        <system-err><![CDATA[

  ]]></system-err>
    </testsuite>
</testsuites>