<?xml version="1.0" encoding="UTF-8"?>        
<testsuite name="bar3" tests="2" skipped="0" failures="0" errors="1" timestamp="2022-01-25T12:34:53.929740Z" hostname="Qalipsis" time="10">    
    <testcase name="normal test" time="10" />
    <testcase name="failed test" time="10">
        <failure message="failed" type = "ERROR" />
    </testcase>   
    <system-out><![CDATA[
    Concatenated list of messages (separator is \n\n), grouped by steps.
    ]]></system-out>
    <system-err><![CDATA[]]></system-err>
</testsuite>
