<?xml version="1.0" encoding="UTF-8"?>
<testsuites id="foo" name="foo" tests="276" failures="2" time="10s">
  <testsuite id="foo-bar3" name="bar3" tests="2" skipped="0" failures="1" errors="0" timestamp="__time__" hostname="Qalipsis" time="10s">
    <testcase id="foo-bar3-normal test" name="normal test" time="0" tests="1" failures="0"/>
    <testcase id="foo-bar3-failed test" name="failed test" time="0" tests="1" failures="1">
      <failure message="failed" type="ERROR"/>
    </testcase>
    <system-out><![CDATA[
INFO  Step normal test: passed
  ]]></system-out>
    <system-err><![CDATA[

  ]]></system-err>
  </testsuite>
  <testsuite id="foo-bar4" name="bar4" tests="2" skipped="0" failures="1" errors="0" timestamp="__time__" hostname="Qalipsis" time="10s">
    <testcase id="foo-bar4-normal test" name="normal test" time="0" tests="1" failures="0"/>
    <testcase id="foo-bar4-failed test" name="failed test" time="0" tests="1" failures="1">
      <failure message="failed" type="ERROR"/>
    </testcase>
    <system-out><![CDATA[
INFO  Step normal test: passed
  ]]></system-out>
    <system-err><![CDATA[

  ]]></system-err>
  </testsuite>
</testsuites>